<?xml version="1.0" encoding="UTF-8"?>
<!-- Generated by org.testng.reporters.JUnitXMLReporter -->
<testsuite ignored="0" hostname="DESKTOP-VLTDR4T" failures="2" tests="6" name="Test" time="0.172" errors="0" timestamp="2022-07-05T22:55:40 IST">
  <testcase classname="listener.myTest2" name="myMethod4" time="0.019"/>
  <testcase classname="listener.myTest2" name="myMethod5" time="0.016">
    <failure type="java.lang.AssertionError" message="null">
      <![CDATA[java.lang.AssertionError: null
at listener.myTest2.myMethod5(myTest2.java:19)
at java.base/java.util.ArrayList.forEach(ArrayList.java:1541)
... Removed 29 stack frames]]>
    </failure>
  </testcase> <!-- myMethod5 -->
  <testcase classname="listener.myTest2" name="myMethod6" time="0.0">
    <skipped/>
  </testcase> <!-- myMethod6 -->
  <testcase classname="listener.myTest" name="myMethod1" time="0.002"/>
  <testcase classname="listener.myTest" name="myMethod2" time="0.002">
    <failure type="java.lang.AssertionError" message="null">
      <![CDATA[java.lang.AssertionError: null
at listener.myTest.myMethod2(myTest.java:19)
at java.base/java.util.ArrayList.forEach(ArrayList.java:1541)
... Removed 29 stack frames]]>
    </failure>
  </testcase> <!-- myMethod2 -->
  <testcase classname="listener.myTest" name="myMethod3" time="0.0">
    <skipped/>
  </testcase> <!-- myMethod3 -->
</testsuite> <!-- Test -->
